-encoding
UTF-8
-outxml
-source
7
-target
7
-classpath
C:\Users\Muhammad\.m2\repository\junit\junit\4.11\junit-4.11.jar;C:\Users\Muhammad\.m2\repository\log4j\log4j\1.2.17\log4j-1.2.17.jar;C:\Users\Muhammad\.m2\repository\org\slf4j\slf4j-api\1.7.5\slf4j-api-1.7.5.jar;C:\Users\Muhammad\.m2\repository\org\slf4j\jcl-over-slf4j\1.7.5\jcl-over-slf4j-1.7.5.jar;C:\Users\Muhammad\.m2\repository\org\slf4j\slf4j-log4j12\1.7.5\slf4j-log4j12-1.7.5.jar;C:\Users\Muhammad\.m2\repository\org\aspectj\aspectjrt\1.8.1\aspectjrt-1.8.1.jar;C:\Users\Muhammad\.m2\repository\org\aspectj\aspectjweaver\1.8.1\aspectjweaver-1.8.1.jar;C:\Users\Muhammad\.m2\repository\javax\servlet\servlet-api\2.5\servlet-api-2.5.jar;C:\Users\Muhammad\.m2\repository\net\sf\flexjson\flexjson\2.1\flexjson-2.1.jar;C:\Users\Muhammad\.m2\repository\org\apache\commons\commons-lang3\3.1\commons-lang3-3.1.jar;C:\Users\Muhammad\.m2\repository\org\springframework\roo\org.springframework.roo.annotations\1.3.1.RC1\org.springframework.roo.annotations-1.3.1.RC1.jar;C:\Users\Muhammad\.m2\repository\org\springframework\spring-core\3.2.6.RELEASE\spring-core-3.2.6.RELEASE.jar;C:\Users\Muhammad\.m2\repository\org\springframework\spring-test\3.2.6.RELEASE\spring-test-3.2.6.RELEASE.jar;C:\Users\Muhammad\.m2\repository\org\springframework\spring-context\3.2.6.RELEASE\spring-context-3.2.6.RELEASE.jar;C:\Users\Muhammad\.m2\repository\org\springframework\spring-aop\3.2.6.RELEASE\spring-aop-3.2.6.RELEASE.jar;C:\Users\Muhammad\.m2\repository\org\springframework\spring-aspects\3.2.6.RELEASE\spring-aspects-3.2.6.RELEASE.jar;C:\Users\Muhammad\.m2\repository\mysql\mysql-connector-java\5.1.18\mysql-connector-java-5.1.18.jar;C:\Users\Muhammad\.m2\repository\org\hibernate\hibernate-core\4.3.6.Final\hibernate-core-4.3.6.Final.jar;C:\Users\Muhammad\.m2\repository\org\hibernate\hibernate-entitymanager\4.3.6.Final\hibernate-entitymanager-4.3.6.Final.jar;C:\Users\Muhammad\.m2\repository\org\hibernate\javax\persistence\hibernate-jpa-2.1-api\1.0.0.Final\hibernate-jpa-2.1-api-1.0.0.Final.jar;C:\Users\Muhammad\.m2\repository\commons-collections\commons-collections\3.2.1\commons-collections-3.2.1.jar;C:\Users\Muhammad\.m2\repository\org\hibernate\hibernate-validator\4.3.2.Final\hibernate-validator-4.3.2.Final.jar;C:\Users\Muhammad\.m2\repository\javax\validation\validation-api\1.0.0.GA\validation-api-1.0.0.GA.jar;C:\Users\Muhammad\.m2\repository\javax\transaction\jta\1.1\jta-1.1.jar;C:\Users\Muhammad\.m2\repository\org\springframework\spring-jdbc\3.2.6.RELEASE\spring-jdbc-3.2.6.RELEASE.jar;C:\Users\Muhammad\.m2\repository\org\springframework\spring-orm\3.2.6.RELEASE\spring-orm-3.2.6.RELEASE.jar;C:\Users\Muhammad\.m2\repository\commons-pool\commons-pool\1.5.6\commons-pool-1.5.6.jar;C:\Users\Muhammad\.m2\repository\commons-dbcp\commons-dbcp\1.4\commons-dbcp-1.4.jar;C:\Users\Muhammad\.m2\repository\org\springframework\spring-webmvc\3.2.6.RELEASE\spring-webmvc-3.2.6.RELEASE.jar;C:\Users\Muhammad\.m2\repository\org\springframework\webflow\spring-js-resources\2.2.1.RELEASE\spring-js-resources-2.2.1.RELEASE.jar;C:\Users\Muhammad\.m2\repository\commons-digester\commons-digester\2.1\commons-digester-2.1.jar;C:\Users\Muhammad\.m2\repository\commons-fileupload\commons-fileupload\1.2.2\commons-fileupload-1.2.2.jar;C:\Users\Muhammad\.m2\repository\commons-io\commons-io\2.4\commons-io-2.4.jar;C:\Users\Muhammad\.m2\repository\javax\servlet\jsp\jstl\jstl-api\1.2\jstl-api-1.2.jar;C:\Users\Muhammad\.m2\repository\org\glassfish\web\jstl-impl\1.2\jstl-impl-1.2.jar;C:\Users\Muhammad\.m2\repository\javax\el\el-api\2.2\el-api-2.2.jar;C:\Users\Muhammad\.m2\repository\joda-time\joda-time\1.6\joda-time-1.6.jar;C:\Users\Muhammad\.m2\repository\javax\servlet\jsp\jsp-api\2.1\jsp-api-2.1.jar;C:\Users\Muhammad\.m2\repository\commons-codec\commons-codec\1.5\commons-codec-1.5.jar;C:\Users\Muhammad\.m2\repository\org\apache\tiles\tiles-jsp\2.2.2\tiles-jsp-2.2.2.jar;C:\Users\Muhammad\.m2\repository\org\springframework\spring-beans\3.2.6.RELEASE\spring-beans-3.2.6.RELEASE.jar;C:\Users\Muhammad\.m2\repository\org\springframework\spring-expression\3.2.6.RELEASE\spring-expression-3.2.6.RELEASE.jar;C:\Users\Muhammad\.m2\repository\aopalliance\aopalliance\1.0\aopalliance-1.0.jar;C:\Users\Muhammad\.m2\repository\org\springframework\spring-context-support\3.2.6.RELEASE\spring-context-support-3.2.6.RELEASE.jar;C:\Users\Muhammad\.m2\repository\org\jboss\logging\jboss-logging\3.1.3.GA\jboss-logging-3.1.3.GA.jar;C:\Users\Muhammad\.m2\repository\org\jboss\logging\jboss-logging-annotations\1.2.0.Beta1\jboss-logging-annotations-1.2.0.Beta1.jar;C:\Users\Muhammad\.m2\repository\org\jboss\spec\javax\transaction\jboss-transaction-api_1.2_spec\1.0.0.Final\jboss-transaction-api_1.2_spec-1.0.0.Final.jar;C:\Users\Muhammad\.m2\repository\dom4j\dom4j\1.6.1\dom4j-1.6.1.jar;C:\Users\Muhammad\.m2\repository\xml-apis\xml-apis\1.0.b2\xml-apis-1.0.b2.jar;C:\Users\Muhammad\.m2\repository\org\hibernate\common\hibernate-commons-annotations\4.0.5.Final\hibernate-commons-annotations-4.0.5.Final.jar;C:\Users\Muhammad\.m2\repository\org\javassist\javassist\3.18.1-GA\javassist-3.18.1-GA.jar;C:\Users\Muhammad\.m2\repository\antlr\antlr\2.7.7\antlr-2.7.7.jar;C:\Users\Muhammad\.m2\repository\org\jboss\jandex\1.1.0.Final\jandex-1.1.0.Final.jar;C:\Users\Muhammad\.m2\repository\org\springframework\spring-tx\3.2.6.RELEASE\spring-tx-3.2.6.RELEASE.jar;C:\Users\Muhammad\.m2\repository\org\springframework\spring-web\3.2.6.RELEASE\spring-web-3.2.6.RELEASE.jar;C:\Users\Muhammad\.m2\repository\commons-beanutils\commons-beanutils\1.8.3\commons-beanutils-1.8.3.jar;C:\Users\Muhammad\.m2\repository\org\apache\tiles\tiles-servlet\2.2.2\tiles-servlet-2.2.2.jar;C:\Users\Muhammad\.m2\repository\org\apache\tiles\tiles-core\2.2.2\tiles-core-2.2.2.jar;C:\Users\Muhammad\.m2\repository\org\apache\tiles\tiles-template\2.2.2\tiles-template-2.2.2.jar;C:\Users\Muhammad\.m2\repository\org\apache\tiles\tiles-api\2.2.2\tiles-api-2.2.2.jar;D:\Muhammad Abdurrahman\Documents\sts\workspace-sts-3.6.3.SR1\gwprcs\target\classes
-aspectpath
C:\Users\Muhammad\.m2\repository\org\springframework\spring-aspects\3.2.6.RELEASE\spring-aspects-3.2.6.RELEASE.jar
-d
D:\Muhammad Abdurrahman\Documents\sts\workspace-sts-3.6.3.SR1\gwprcs\target\classes
D:\Muhammad Abdurrahman\Documents\sts\workspace-sts-3.6.3.SR1\gwprcs\src\main\java\org\gwizards\prcs\Company.java
D:\Muhammad Abdurrahman\Documents\sts\workspace-sts-3.6.3.SR1\gwprcs\src\main\java\org\gwizards\prcs\CompanyType.java
D:\Muhammad Abdurrahman\Documents\sts\workspace-sts-3.6.3.SR1\gwprcs\src\main\java\org\gwizards\prcs\CompanyType_Roo_Configurable.aj
D:\Muhammad Abdurrahman\Documents\sts\workspace-sts-3.6.3.SR1\gwprcs\src\main\java\org\gwizards\prcs\CompanyType_Roo_DbManaged.aj
D:\Muhammad Abdurrahman\Documents\sts\workspace-sts-3.6.3.SR1\gwprcs\src\main\java\org\gwizards\prcs\CompanyType_Roo_Jpa_ActiveRecord.aj
D:\Muhammad Abdurrahman\Documents\sts\workspace-sts-3.6.3.SR1\gwprcs\src\main\java\org\gwizards\prcs\CompanyType_Roo_Jpa_Entity.aj
D:\Muhammad Abdurrahman\Documents\sts\workspace-sts-3.6.3.SR1\gwprcs\src\main\java\org\gwizards\prcs\CompanyType_Roo_ToString.aj
D:\Muhammad Abdurrahman\Documents\sts\workspace-sts-3.6.3.SR1\gwprcs\src\main\java\org\gwizards\prcs\Company_Roo_Configurable.aj
D:\Muhammad Abdurrahman\Documents\sts\workspace-sts-3.6.3.SR1\gwprcs\src\main\java\org\gwizards\prcs\Company_Roo_DbManaged.aj
D:\Muhammad Abdurrahman\Documents\sts\workspace-sts-3.6.3.SR1\gwprcs\src\main\java\org\gwizards\prcs\Company_Roo_Jpa_ActiveRecord.aj
D:\Muhammad Abdurrahman\Documents\sts\workspace-sts-3.6.3.SR1\gwprcs\src\main\java\org\gwizards\prcs\Company_Roo_Jpa_Entity.aj
D:\Muhammad Abdurrahman\Documents\sts\workspace-sts-3.6.3.SR1\gwprcs\src\main\java\org\gwizards\prcs\Company_Roo_ToString.aj
D:\Muhammad Abdurrahman\Documents\sts\workspace-sts-3.6.3.SR1\gwprcs\src\main\java\org\gwizards\prcs\controller\DocumentController.java
D:\Muhammad Abdurrahman\Documents\sts\workspace-sts-3.6.3.SR1\gwprcs\src\main\java\org\gwizards\prcs\controller\IndexController.java
D:\Muhammad Abdurrahman\Documents\sts\workspace-sts-3.6.3.SR1\gwprcs\src\main\java\org\gwizards\prcs\controller\ProjectController.java
D:\Muhammad Abdurrahman\Documents\sts\workspace-sts-3.6.3.SR1\gwprcs\src\main\java\org\gwizards\prcs\controller\ReviewController.java
D:\Muhammad Abdurrahman\Documents\sts\workspace-sts-3.6.3.SR1\gwprcs\src\main\java\org\gwizards\prcs\DocumentPermission.java
D:\Muhammad Abdurrahman\Documents\sts\workspace-sts-3.6.3.SR1\gwprcs\src\main\java\org\gwizards\prcs\DocumentPermission_Roo_Configurable.aj
D:\Muhammad Abdurrahman\Documents\sts\workspace-sts-3.6.3.SR1\gwprcs\src\main\java\org\gwizards\prcs\DocumentPermission_Roo_DbManaged.aj
D:\Muhammad Abdurrahman\Documents\sts\workspace-sts-3.6.3.SR1\gwprcs\src\main\java\org\gwizards\prcs\DocumentPermission_Roo_Jpa_ActiveRecord.aj
D:\Muhammad Abdurrahman\Documents\sts\workspace-sts-3.6.3.SR1\gwprcs\src\main\java\org\gwizards\prcs\DocumentPermission_Roo_Jpa_Entity.aj
D:\Muhammad Abdurrahman\Documents\sts\workspace-sts-3.6.3.SR1\gwprcs\src\main\java\org\gwizards\prcs\DocumentPermission_Roo_ToString.aj
D:\Muhammad Abdurrahman\Documents\sts\workspace-sts-3.6.3.SR1\gwprcs\src\main\java\org\gwizards\prcs\DocumentVersion.java
D:\Muhammad Abdurrahman\Documents\sts\workspace-sts-3.6.3.SR1\gwprcs\src\main\java\org\gwizards\prcs\DocumentVersion_Roo_Configurable.aj
D:\Muhammad Abdurrahman\Documents\sts\workspace-sts-3.6.3.SR1\gwprcs\src\main\java\org\gwizards\prcs\DocumentVersion_Roo_DbManaged.aj
D:\Muhammad Abdurrahman\Documents\sts\workspace-sts-3.6.3.SR1\gwprcs\src\main\java\org\gwizards\prcs\DocumentVersion_Roo_Jpa_ActiveRecord.aj
D:\Muhammad Abdurrahman\Documents\sts\workspace-sts-3.6.3.SR1\gwprcs\src\main\java\org\gwizards\prcs\DocumentVersion_Roo_Jpa_Entity.aj
D:\Muhammad Abdurrahman\Documents\sts\workspace-sts-3.6.3.SR1\gwprcs\src\main\java\org\gwizards\prcs\DocumentVersion_Roo_ToString.aj
D:\Muhammad Abdurrahman\Documents\sts\workspace-sts-3.6.3.SR1\gwprcs\src\main\java\org\gwizards\prcs\Invoice.java
D:\Muhammad Abdurrahman\Documents\sts\workspace-sts-3.6.3.SR1\gwprcs\src\main\java\org\gwizards\prcs\Invoice_Roo_Configurable.aj
D:\Muhammad Abdurrahman\Documents\sts\workspace-sts-3.6.3.SR1\gwprcs\src\main\java\org\gwizards\prcs\Invoice_Roo_DbManaged.aj
D:\Muhammad Abdurrahman\Documents\sts\workspace-sts-3.6.3.SR1\gwprcs\src\main\java\org\gwizards\prcs\Invoice_Roo_Jpa_ActiveRecord.aj
D:\Muhammad Abdurrahman\Documents\sts\workspace-sts-3.6.3.SR1\gwprcs\src\main\java\org\gwizards\prcs\Invoice_Roo_Jpa_Entity.aj
D:\Muhammad Abdurrahman\Documents\sts\workspace-sts-3.6.3.SR1\gwprcs\src\main\java\org\gwizards\prcs\Invoice_Roo_ToString.aj
D:\Muhammad Abdurrahman\Documents\sts\workspace-sts-3.6.3.SR1\gwprcs\src\main\java\org\gwizards\prcs\Lead.java
D:\Muhammad Abdurrahman\Documents\sts\workspace-sts-3.6.3.SR1\gwprcs\src\main\java\org\gwizards\prcs\LeadFollowup.java
D:\Muhammad Abdurrahman\Documents\sts\workspace-sts-3.6.3.SR1\gwprcs\src\main\java\org\gwizards\prcs\LeadFollowupStatus.java
D:\Muhammad Abdurrahman\Documents\sts\workspace-sts-3.6.3.SR1\gwprcs\src\main\java\org\gwizards\prcs\LeadFollowupStatus_Roo_Configurable.aj
D:\Muhammad Abdurrahman\Documents\sts\workspace-sts-3.6.3.SR1\gwprcs\src\main\java\org\gwizards\prcs\LeadFollowupStatus_Roo_DbManaged.aj
D:\Muhammad Abdurrahman\Documents\sts\workspace-sts-3.6.3.SR1\gwprcs\src\main\java\org\gwizards\prcs\LeadFollowupStatus_Roo_Jpa_ActiveRecord.aj
D:\Muhammad Abdurrahman\Documents\sts\workspace-sts-3.6.3.SR1\gwprcs\src\main\java\org\gwizards\prcs\LeadFollowupStatus_Roo_Jpa_Entity.aj
D:\Muhammad Abdurrahman\Documents\sts\workspace-sts-3.6.3.SR1\gwprcs\src\main\java\org\gwizards\prcs\LeadFollowupStatus_Roo_ToString.aj
D:\Muhammad Abdurrahman\Documents\sts\workspace-sts-3.6.3.SR1\gwprcs\src\main\java\org\gwizards\prcs\LeadFollowup_Roo_Configurable.aj
D:\Muhammad Abdurrahman\Documents\sts\workspace-sts-3.6.3.SR1\gwprcs\src\main\java\org\gwizards\prcs\LeadFollowup_Roo_DbManaged.aj
D:\Muhammad Abdurrahman\Documents\sts\workspace-sts-3.6.3.SR1\gwprcs\src\main\java\org\gwizards\prcs\LeadFollowup_Roo_Jpa_ActiveRecord.aj
D:\Muhammad Abdurrahman\Documents\sts\workspace-sts-3.6.3.SR1\gwprcs\src\main\java\org\gwizards\prcs\LeadFollowup_Roo_Jpa_Entity.aj
D:\Muhammad Abdurrahman\Documents\sts\workspace-sts-3.6.3.SR1\gwprcs\src\main\java\org\gwizards\prcs\LeadFollowup_Roo_ToString.aj
D:\Muhammad Abdurrahman\Documents\sts\workspace-sts-3.6.3.SR1\gwprcs\src\main\java\org\gwizards\prcs\LeadType.java
D:\Muhammad Abdurrahman\Documents\sts\workspace-sts-3.6.3.SR1\gwprcs\src\main\java\org\gwizards\prcs\LeadType_Roo_Configurable.aj
D:\Muhammad Abdurrahman\Documents\sts\workspace-sts-3.6.3.SR1\gwprcs\src\main\java\org\gwizards\prcs\LeadType_Roo_DbManaged.aj
D:\Muhammad Abdurrahman\Documents\sts\workspace-sts-3.6.3.SR1\gwprcs\src\main\java\org\gwizards\prcs\LeadType_Roo_Jpa_ActiveRecord.aj
D:\Muhammad Abdurrahman\Documents\sts\workspace-sts-3.6.3.SR1\gwprcs\src\main\java\org\gwizards\prcs\LeadType_Roo_Jpa_Entity.aj
D:\Muhammad Abdurrahman\Documents\sts\workspace-sts-3.6.3.SR1\gwprcs\src\main\java\org\gwizards\prcs\LeadType_Roo_ToString.aj
D:\Muhammad Abdurrahman\Documents\sts\workspace-sts-3.6.3.SR1\gwprcs\src\main\java\org\gwizards\prcs\Lead_Roo_Configurable.aj
D:\Muhammad Abdurrahman\Documents\sts\workspace-sts-3.6.3.SR1\gwprcs\src\main\java\org\gwizards\prcs\Lead_Roo_DbManaged.aj
D:\Muhammad Abdurrahman\Documents\sts\workspace-sts-3.6.3.SR1\gwprcs\src\main\java\org\gwizards\prcs\Lead_Roo_Jpa_ActiveRecord.aj
D:\Muhammad Abdurrahman\Documents\sts\workspace-sts-3.6.3.SR1\gwprcs\src\main\java\org\gwizards\prcs\Lead_Roo_Jpa_Entity.aj
D:\Muhammad Abdurrahman\Documents\sts\workspace-sts-3.6.3.SR1\gwprcs\src\main\java\org\gwizards\prcs\Lead_Roo_ToString.aj
D:\Muhammad Abdurrahman\Documents\sts\workspace-sts-3.6.3.SR1\gwprcs\src\main\java\org\gwizards\prcs\LiveProject.java
D:\Muhammad Abdurrahman\Documents\sts\workspace-sts-3.6.3.SR1\gwprcs\src\main\java\org\gwizards\prcs\LiveProjectDocument.java
D:\Muhammad Abdurrahman\Documents\sts\workspace-sts-3.6.3.SR1\gwprcs\src\main\java\org\gwizards\prcs\LiveProjectDocumentVersion.java
D:\Muhammad Abdurrahman\Documents\sts\workspace-sts-3.6.3.SR1\gwprcs\src\main\java\org\gwizards\prcs\LiveProjectDocumentVersion_Roo_Configurable.aj
D:\Muhammad Abdurrahman\Documents\sts\workspace-sts-3.6.3.SR1\gwprcs\src\main\java\org\gwizards\prcs\LiveProjectDocumentVersion_Roo_DbManaged.aj
D:\Muhammad Abdurrahman\Documents\sts\workspace-sts-3.6.3.SR1\gwprcs\src\main\java\org\gwizards\prcs\LiveProjectDocumentVersion_Roo_Jpa_ActiveRecord.aj
D:\Muhammad Abdurrahman\Documents\sts\workspace-sts-3.6.3.SR1\gwprcs\src\main\java\org\gwizards\prcs\LiveProjectDocumentVersion_Roo_Jpa_Entity.aj
D:\Muhammad Abdurrahman\Documents\sts\workspace-sts-3.6.3.SR1\gwprcs\src\main\java\org\gwizards\prcs\LiveProjectDocumentVersion_Roo_ToString.aj
D:\Muhammad Abdurrahman\Documents\sts\workspace-sts-3.6.3.SR1\gwprcs\src\main\java\org\gwizards\prcs\LiveProjectDocument_Roo_Configurable.aj
D:\Muhammad Abdurrahman\Documents\sts\workspace-sts-3.6.3.SR1\gwprcs\src\main\java\org\gwizards\prcs\LiveProjectDocument_Roo_DbManaged.aj
D:\Muhammad Abdurrahman\Documents\sts\workspace-sts-3.6.3.SR1\gwprcs\src\main\java\org\gwizards\prcs\LiveProjectDocument_Roo_Jpa_ActiveRecord.aj
D:\Muhammad Abdurrahman\Documents\sts\workspace-sts-3.6.3.SR1\gwprcs\src\main\java\org\gwizards\prcs\LiveProjectDocument_Roo_Jpa_Entity.aj
D:\Muhammad Abdurrahman\Documents\sts\workspace-sts-3.6.3.SR1\gwprcs\src\main\java\org\gwizards\prcs\LiveProjectDocument_Roo_ToString.aj
D:\Muhammad Abdurrahman\Documents\sts\workspace-sts-3.6.3.SR1\gwprcs\src\main\java\org\gwizards\prcs\LiveProjectReview.java
D:\Muhammad Abdurrahman\Documents\sts\workspace-sts-3.6.3.SR1\gwprcs\src\main\java\org\gwizards\prcs\LiveProjectReview_Roo_Configurable.aj
D:\Muhammad Abdurrahman\Documents\sts\workspace-sts-3.6.3.SR1\gwprcs\src\main\java\org\gwizards\prcs\LiveProjectReview_Roo_DbManaged.aj
D:\Muhammad Abdurrahman\Documents\sts\workspace-sts-3.6.3.SR1\gwprcs\src\main\java\org\gwizards\prcs\LiveProjectReview_Roo_Jpa_ActiveRecord.aj
D:\Muhammad Abdurrahman\Documents\sts\workspace-sts-3.6.3.SR1\gwprcs\src\main\java\org\gwizards\prcs\LiveProjectReview_Roo_Jpa_Entity.aj
D:\Muhammad Abdurrahman\Documents\sts\workspace-sts-3.6.3.SR1\gwprcs\src\main\java\org\gwizards\prcs\LiveProjectReview_Roo_ToString.aj
D:\Muhammad Abdurrahman\Documents\sts\workspace-sts-3.6.3.SR1\gwprcs\src\main\java\org\gwizards\prcs\LiveProjectStage.java
D:\Muhammad Abdurrahman\Documents\sts\workspace-sts-3.6.3.SR1\gwprcs\src\main\java\org\gwizards\prcs\LiveProjectStageDocument.java
D:\Muhammad Abdurrahman\Documents\sts\workspace-sts-3.6.3.SR1\gwprcs\src\main\java\org\gwizards\prcs\LiveProjectStageDocumentVersion.java
D:\Muhammad Abdurrahman\Documents\sts\workspace-sts-3.6.3.SR1\gwprcs\src\main\java\org\gwizards\prcs\LiveProjectStageDocumentVersion_Roo_Configurable.aj
D:\Muhammad Abdurrahman\Documents\sts\workspace-sts-3.6.3.SR1\gwprcs\src\main\java\org\gwizards\prcs\LiveProjectStageDocumentVersion_Roo_DbManaged.aj
D:\Muhammad Abdurrahman\Documents\sts\workspace-sts-3.6.3.SR1\gwprcs\src\main\java\org\gwizards\prcs\LiveProjectStageDocumentVersion_Roo_Jpa_ActiveRecord.aj
D:\Muhammad Abdurrahman\Documents\sts\workspace-sts-3.6.3.SR1\gwprcs\src\main\java\org\gwizards\prcs\LiveProjectStageDocumentVersion_Roo_Jpa_Entity.aj
D:\Muhammad Abdurrahman\Documents\sts\workspace-sts-3.6.3.SR1\gwprcs\src\main\java\org\gwizards\prcs\LiveProjectStageDocumentVersion_Roo_ToString.aj
D:\Muhammad Abdurrahman\Documents\sts\workspace-sts-3.6.3.SR1\gwprcs\src\main\java\org\gwizards\prcs\LiveProjectStageDocument_Roo_Configurable.aj
D:\Muhammad Abdurrahman\Documents\sts\workspace-sts-3.6.3.SR1\gwprcs\src\main\java\org\gwizards\prcs\LiveProjectStageDocument_Roo_DbManaged.aj
D:\Muhammad Abdurrahman\Documents\sts\workspace-sts-3.6.3.SR1\gwprcs\src\main\java\org\gwizards\prcs\LiveProjectStageDocument_Roo_Jpa_ActiveRecord.aj
D:\Muhammad Abdurrahman\Documents\sts\workspace-sts-3.6.3.SR1\gwprcs\src\main\java\org\gwizards\prcs\LiveProjectStageDocument_Roo_Jpa_Entity.aj
D:\Muhammad Abdurrahman\Documents\sts\workspace-sts-3.6.3.SR1\gwprcs\src\main\java\org\gwizards\prcs\LiveProjectStageDocument_Roo_ToString.aj
D:\Muhammad Abdurrahman\Documents\sts\workspace-sts-3.6.3.SR1\gwprcs\src\main\java\org\gwizards\prcs\LiveProjectStageTask.java
D:\Muhammad Abdurrahman\Documents\sts\workspace-sts-3.6.3.SR1\gwprcs\src\main\java\org\gwizards\prcs\LiveProjectStageTaskDocument.java
D:\Muhammad Abdurrahman\Documents\sts\workspace-sts-3.6.3.SR1\gwprcs\src\main\java\org\gwizards\prcs\LiveProjectStageTaskDocumentVersion.java
D:\Muhammad Abdurrahman\Documents\sts\workspace-sts-3.6.3.SR1\gwprcs\src\main\java\org\gwizards\prcs\LiveProjectStageTaskDocumentVersion_Roo_Configurable.aj
D:\Muhammad Abdurrahman\Documents\sts\workspace-sts-3.6.3.SR1\gwprcs\src\main\java\org\gwizards\prcs\LiveProjectStageTaskDocumentVersion_Roo_DbManaged.aj
D:\Muhammad Abdurrahman\Documents\sts\workspace-sts-3.6.3.SR1\gwprcs\src\main\java\org\gwizards\prcs\LiveProjectStageTaskDocumentVersion_Roo_Jpa_ActiveRecord.aj
D:\Muhammad Abdurrahman\Documents\sts\workspace-sts-3.6.3.SR1\gwprcs\src\main\java\org\gwizards\prcs\LiveProjectStageTaskDocumentVersion_Roo_Jpa_Entity.aj
D:\Muhammad Abdurrahman\Documents\sts\workspace-sts-3.6.3.SR1\gwprcs\src\main\java\org\gwizards\prcs\LiveProjectStageTaskDocumentVersion_Roo_ToString.aj
D:\Muhammad Abdurrahman\Documents\sts\workspace-sts-3.6.3.SR1\gwprcs\src\main\java\org\gwizards\prcs\LiveProjectStageTaskDocument_Roo_Configurable.aj
D:\Muhammad Abdurrahman\Documents\sts\workspace-sts-3.6.3.SR1\gwprcs\src\main\java\org\gwizards\prcs\LiveProjectStageTaskDocument_Roo_DbManaged.aj
D:\Muhammad Abdurrahman\Documents\sts\workspace-sts-3.6.3.SR1\gwprcs\src\main\java\org\gwizards\prcs\LiveProjectStageTaskDocument_Roo_Jpa_ActiveRecord.aj
D:\Muhammad Abdurrahman\Documents\sts\workspace-sts-3.6.3.SR1\gwprcs\src\main\java\org\gwizards\prcs\LiveProjectStageTaskDocument_Roo_Jpa_Entity.aj
D:\Muhammad Abdurrahman\Documents\sts\workspace-sts-3.6.3.SR1\gwprcs\src\main\java\org\gwizards\prcs\LiveProjectStageTaskDocument_Roo_ToString.aj
D:\Muhammad Abdurrahman\Documents\sts\workspace-sts-3.6.3.SR1\gwprcs\src\main\java\org\gwizards\prcs\LiveProjectStageTask_Roo_Configurable.aj
D:\Muhammad Abdurrahman\Documents\sts\workspace-sts-3.6.3.SR1\gwprcs\src\main\java\org\gwizards\prcs\LiveProjectStageTask_Roo_DbManaged.aj
D:\Muhammad Abdurrahman\Documents\sts\workspace-sts-3.6.3.SR1\gwprcs\src\main\java\org\gwizards\prcs\LiveProjectStageTask_Roo_Jpa_ActiveRecord.aj
D:\Muhammad Abdurrahman\Documents\sts\workspace-sts-3.6.3.SR1\gwprcs\src\main\java\org\gwizards\prcs\LiveProjectStageTask_Roo_Jpa_Entity.aj
D:\Muhammad Abdurrahman\Documents\sts\workspace-sts-3.6.3.SR1\gwprcs\src\main\java\org\gwizards\prcs\LiveProjectStageTask_Roo_ToString.aj
D:\Muhammad Abdurrahman\Documents\sts\workspace-sts-3.6.3.SR1\gwprcs\src\main\java\org\gwizards\prcs\LiveProjectStage_Roo_Configurable.aj
D:\Muhammad Abdurrahman\Documents\sts\workspace-sts-3.6.3.SR1\gwprcs\src\main\java\org\gwizards\prcs\LiveProjectStage_Roo_DbManaged.aj
D:\Muhammad Abdurrahman\Documents\sts\workspace-sts-3.6.3.SR1\gwprcs\src\main\java\org\gwizards\prcs\LiveProjectStage_Roo_Jpa_ActiveRecord.aj
D:\Muhammad Abdurrahman\Documents\sts\workspace-sts-3.6.3.SR1\gwprcs\src\main\java\org\gwizards\prcs\LiveProjectStage_Roo_Jpa_Entity.aj
D:\Muhammad Abdurrahman\Documents\sts\workspace-sts-3.6.3.SR1\gwprcs\src\main\java\org\gwizards\prcs\LiveProjectStage_Roo_ToString.aj
D:\Muhammad Abdurrahman\Documents\sts\workspace-sts-3.6.3.SR1\gwprcs\src\main\java\org\gwizards\prcs\LiveProject_Roo_Configurable.aj
D:\Muhammad Abdurrahman\Documents\sts\workspace-sts-3.6.3.SR1\gwprcs\src\main\java\org\gwizards\prcs\LiveProject_Roo_DbManaged.aj
D:\Muhammad Abdurrahman\Documents\sts\workspace-sts-3.6.3.SR1\gwprcs\src\main\java\org\gwizards\prcs\LiveProject_Roo_Jpa_ActiveRecord.aj
D:\Muhammad Abdurrahman\Documents\sts\workspace-sts-3.6.3.SR1\gwprcs\src\main\java\org\gwizards\prcs\LiveProject_Roo_Jpa_Entity.aj
D:\Muhammad Abdurrahman\Documents\sts\workspace-sts-3.6.3.SR1\gwprcs\src\main\java\org\gwizards\prcs\LiveProject_Roo_ToString.aj
D:\Muhammad Abdurrahman\Documents\sts\workspace-sts-3.6.3.SR1\gwprcs\src\main\java\org\gwizards\prcs\ProjectFinance.java
D:\Muhammad Abdurrahman\Documents\sts\workspace-sts-3.6.3.SR1\gwprcs\src\main\java\org\gwizards\prcs\ProjectFinance_Roo_Configurable.aj
D:\Muhammad Abdurrahman\Documents\sts\workspace-sts-3.6.3.SR1\gwprcs\src\main\java\org\gwizards\prcs\ProjectFinance_Roo_DbManaged.aj
D:\Muhammad Abdurrahman\Documents\sts\workspace-sts-3.6.3.SR1\gwprcs\src\main\java\org\gwizards\prcs\ProjectFinance_Roo_Jpa_ActiveRecord.aj
D:\Muhammad Abdurrahman\Documents\sts\workspace-sts-3.6.3.SR1\gwprcs\src\main\java\org\gwizards\prcs\ProjectFinance_Roo_Jpa_Entity.aj
D:\Muhammad Abdurrahman\Documents\sts\workspace-sts-3.6.3.SR1\gwprcs\src\main\java\org\gwizards\prcs\ProjectFinance_Roo_ToString.aj
D:\Muhammad Abdurrahman\Documents\sts\workspace-sts-3.6.3.SR1\gwprcs\src\main\java\org\gwizards\prcs\ProjectReview.java
D:\Muhammad Abdurrahman\Documents\sts\workspace-sts-3.6.3.SR1\gwprcs\src\main\java\org\gwizards\prcs\ProjectReviewStatus.java
D:\Muhammad Abdurrahman\Documents\sts\workspace-sts-3.6.3.SR1\gwprcs\src\main\java\org\gwizards\prcs\ProjectReviewStatus_Roo_Configurable.aj
D:\Muhammad Abdurrahman\Documents\sts\workspace-sts-3.6.3.SR1\gwprcs\src\main\java\org\gwizards\prcs\ProjectReviewStatus_Roo_DbManaged.aj
D:\Muhammad Abdurrahman\Documents\sts\workspace-sts-3.6.3.SR1\gwprcs\src\main\java\org\gwizards\prcs\ProjectReviewStatus_Roo_Jpa_ActiveRecord.aj
D:\Muhammad Abdurrahman\Documents\sts\workspace-sts-3.6.3.SR1\gwprcs\src\main\java\org\gwizards\prcs\ProjectReviewStatus_Roo_Jpa_Entity.aj
D:\Muhammad Abdurrahman\Documents\sts\workspace-sts-3.6.3.SR1\gwprcs\src\main\java\org\gwizards\prcs\ProjectReviewStatus_Roo_ToString.aj
D:\Muhammad Abdurrahman\Documents\sts\workspace-sts-3.6.3.SR1\gwprcs\src\main\java\org\gwizards\prcs\ProjectReview_Roo_Configurable.aj
D:\Muhammad Abdurrahman\Documents\sts\workspace-sts-3.6.3.SR1\gwprcs\src\main\java\org\gwizards\prcs\ProjectReview_Roo_DbManaged.aj
D:\Muhammad Abdurrahman\Documents\sts\workspace-sts-3.6.3.SR1\gwprcs\src\main\java\org\gwizards\prcs\ProjectReview_Roo_Jpa_ActiveRecord.aj
D:\Muhammad Abdurrahman\Documents\sts\workspace-sts-3.6.3.SR1\gwprcs\src\main\java\org\gwizards\prcs\ProjectReview_Roo_Jpa_Entity.aj
D:\Muhammad Abdurrahman\Documents\sts\workspace-sts-3.6.3.SR1\gwprcs\src\main\java\org\gwizards\prcs\ProjectReview_Roo_ToString.aj
D:\Muhammad Abdurrahman\Documents\sts\workspace-sts-3.6.3.SR1\gwprcs\src\main\java\org\gwizards\prcs\ProjectStatusType.java
D:\Muhammad Abdurrahman\Documents\sts\workspace-sts-3.6.3.SR1\gwprcs\src\main\java\org\gwizards\prcs\ProjectStatusType_Roo_Configurable.aj
D:\Muhammad Abdurrahman\Documents\sts\workspace-sts-3.6.3.SR1\gwprcs\src\main\java\org\gwizards\prcs\ProjectStatusType_Roo_DbManaged.aj
D:\Muhammad Abdurrahman\Documents\sts\workspace-sts-3.6.3.SR1\gwprcs\src\main\java\org\gwizards\prcs\ProjectStatusType_Roo_Jpa_ActiveRecord.aj
D:\Muhammad Abdurrahman\Documents\sts\workspace-sts-3.6.3.SR1\gwprcs\src\main\java\org\gwizards\prcs\ProjectStatusType_Roo_Jpa_Entity.aj
D:\Muhammad Abdurrahman\Documents\sts\workspace-sts-3.6.3.SR1\gwprcs\src\main\java\org\gwizards\prcs\ProjectStatusType_Roo_ToString.aj
D:\Muhammad Abdurrahman\Documents\sts\workspace-sts-3.6.3.SR1\gwprcs\src\main\java\org\gwizards\prcs\ProjectType.java
D:\Muhammad Abdurrahman\Documents\sts\workspace-sts-3.6.3.SR1\gwprcs\src\main\java\org\gwizards\prcs\ProjectType_Roo_Configurable.aj
D:\Muhammad Abdurrahman\Documents\sts\workspace-sts-3.6.3.SR1\gwprcs\src\main\java\org\gwizards\prcs\ProjectType_Roo_DbManaged.aj
D:\Muhammad Abdurrahman\Documents\sts\workspace-sts-3.6.3.SR1\gwprcs\src\main\java\org\gwizards\prcs\ProjectType_Roo_Jpa_ActiveRecord.aj
D:\Muhammad Abdurrahman\Documents\sts\workspace-sts-3.6.3.SR1\gwprcs\src\main\java\org\gwizards\prcs\ProjectType_Roo_Jpa_Entity.aj
D:\Muhammad Abdurrahman\Documents\sts\workspace-sts-3.6.3.SR1\gwprcs\src\main\java\org\gwizards\prcs\ProjectType_Roo_ToString.aj
D:\Muhammad Abdurrahman\Documents\sts\workspace-sts-3.6.3.SR1\gwprcs\src\main\java\org\gwizards\prcs\Review.java
D:\Muhammad Abdurrahman\Documents\sts\workspace-sts-3.6.3.SR1\gwprcs\src\main\java\org\gwizards\prcs\Review_Roo_Configurable.aj
D:\Muhammad Abdurrahman\Documents\sts\workspace-sts-3.6.3.SR1\gwprcs\src\main\java\org\gwizards\prcs\Review_Roo_DbManaged.aj
D:\Muhammad Abdurrahman\Documents\sts\workspace-sts-3.6.3.SR1\gwprcs\src\main\java\org\gwizards\prcs\Review_Roo_Jpa_ActiveRecord.aj
D:\Muhammad Abdurrahman\Documents\sts\workspace-sts-3.6.3.SR1\gwprcs\src\main\java\org\gwizards\prcs\Review_Roo_Jpa_Entity.aj
D:\Muhammad Abdurrahman\Documents\sts\workspace-sts-3.6.3.SR1\gwprcs\src\main\java\org\gwizards\prcs\Review_Roo_ToString.aj
D:\Muhammad Abdurrahman\Documents\sts\workspace-sts-3.6.3.SR1\gwprcs\src\main\java\org\gwizards\prcs\Sequence.java
D:\Muhammad Abdurrahman\Documents\sts\workspace-sts-3.6.3.SR1\gwprcs\src\main\java\org\gwizards\prcs\Sequence_Roo_Configurable.aj
D:\Muhammad Abdurrahman\Documents\sts\workspace-sts-3.6.3.SR1\gwprcs\src\main\java\org\gwizards\prcs\Sequence_Roo_DbManaged.aj
D:\Muhammad Abdurrahman\Documents\sts\workspace-sts-3.6.3.SR1\gwprcs\src\main\java\org\gwizards\prcs\Sequence_Roo_Jpa_ActiveRecord.aj
D:\Muhammad Abdurrahman\Documents\sts\workspace-sts-3.6.3.SR1\gwprcs\src\main\java\org\gwizards\prcs\Sequence_Roo_Jpa_Entity.aj
D:\Muhammad Abdurrahman\Documents\sts\workspace-sts-3.6.3.SR1\gwprcs\src\main\java\org\gwizards\prcs\Sequence_Roo_ToString.aj
D:\Muhammad Abdurrahman\Documents\sts\workspace-sts-3.6.3.SR1\gwprcs\src\main\java\org\gwizards\prcs\Staff.java
D:\Muhammad Abdurrahman\Documents\sts\workspace-sts-3.6.3.SR1\gwprcs\src\main\java\org\gwizards\prcs\StaffProject.java
D:\Muhammad Abdurrahman\Documents\sts\workspace-sts-3.6.3.SR1\gwprcs\src\main\java\org\gwizards\prcs\StaffProjectPK.java
D:\Muhammad Abdurrahman\Documents\sts\workspace-sts-3.6.3.SR1\gwprcs\src\main\java\org\gwizards\prcs\StaffProjectPK_Roo_Configurable.aj
D:\Muhammad Abdurrahman\Documents\sts\workspace-sts-3.6.3.SR1\gwprcs\src\main\java\org\gwizards\prcs\StaffProjectPK_Roo_Identifier.aj
D:\Muhammad Abdurrahman\Documents\sts\workspace-sts-3.6.3.SR1\gwprcs\src\main\java\org\gwizards\prcs\StaffProjectPK_Roo_Json.aj
D:\Muhammad Abdurrahman\Documents\sts\workspace-sts-3.6.3.SR1\gwprcs\src\main\java\org\gwizards\prcs\StaffProjectPK_Roo_Serializable.aj
D:\Muhammad Abdurrahman\Documents\sts\workspace-sts-3.6.3.SR1\gwprcs\src\main\java\org\gwizards\prcs\StaffProjectRole.java
D:\Muhammad Abdurrahman\Documents\sts\workspace-sts-3.6.3.SR1\gwprcs\src\main\java\org\gwizards\prcs\StaffProjectRole_Roo_Configurable.aj
D:\Muhammad Abdurrahman\Documents\sts\workspace-sts-3.6.3.SR1\gwprcs\src\main\java\org\gwizards\prcs\StaffProjectRole_Roo_DbManaged.aj
D:\Muhammad Abdurrahman\Documents\sts\workspace-sts-3.6.3.SR1\gwprcs\src\main\java\org\gwizards\prcs\StaffProjectRole_Roo_Jpa_ActiveRecord.aj
D:\Muhammad Abdurrahman\Documents\sts\workspace-sts-3.6.3.SR1\gwprcs\src\main\java\org\gwizards\prcs\StaffProjectRole_Roo_Jpa_Entity.aj
D:\Muhammad Abdurrahman\Documents\sts\workspace-sts-3.6.3.SR1\gwprcs\src\main\java\org\gwizards\prcs\StaffProjectRole_Roo_ToString.aj
D:\Muhammad Abdurrahman\Documents\sts\workspace-sts-3.6.3.SR1\gwprcs\src\main\java\org\gwizards\prcs\StaffProject_Roo_Configurable.aj
D:\Muhammad Abdurrahman\Documents\sts\workspace-sts-3.6.3.SR1\gwprcs\src\main\java\org\gwizards\prcs\StaffProject_Roo_DbManaged.aj
D:\Muhammad Abdurrahman\Documents\sts\workspace-sts-3.6.3.SR1\gwprcs\src\main\java\org\gwizards\prcs\StaffProject_Roo_Jpa_ActiveRecord.aj
D:\Muhammad Abdurrahman\Documents\sts\workspace-sts-3.6.3.SR1\gwprcs\src\main\java\org\gwizards\prcs\StaffProject_Roo_Jpa_Entity.aj
D:\Muhammad Abdurrahman\Documents\sts\workspace-sts-3.6.3.SR1\gwprcs\src\main\java\org\gwizards\prcs\StaffProject_Roo_ToString.aj
D:\Muhammad Abdurrahman\Documents\sts\workspace-sts-3.6.3.SR1\gwprcs\src\main\java\org\gwizards\prcs\StaffRole.java
D:\Muhammad Abdurrahman\Documents\sts\workspace-sts-3.6.3.SR1\gwprcs\src\main\java\org\gwizards\prcs\StaffRole_Roo_Configurable.aj
D:\Muhammad Abdurrahman\Documents\sts\workspace-sts-3.6.3.SR1\gwprcs\src\main\java\org\gwizards\prcs\StaffRole_Roo_DbManaged.aj
D:\Muhammad Abdurrahman\Documents\sts\workspace-sts-3.6.3.SR1\gwprcs\src\main\java\org\gwizards\prcs\StaffRole_Roo_Jpa_ActiveRecord.aj
D:\Muhammad Abdurrahman\Documents\sts\workspace-sts-3.6.3.SR1\gwprcs\src\main\java\org\gwizards\prcs\StaffRole_Roo_Jpa_Entity.aj
D:\Muhammad Abdurrahman\Documents\sts\workspace-sts-3.6.3.SR1\gwprcs\src\main\java\org\gwizards\prcs\StaffRole_Roo_ToString.aj
D:\Muhammad Abdurrahman\Documents\sts\workspace-sts-3.6.3.SR1\gwprcs\src\main\java\org\gwizards\prcs\StaffSkill.java
D:\Muhammad Abdurrahman\Documents\sts\workspace-sts-3.6.3.SR1\gwprcs\src\main\java\org\gwizards\prcs\StaffSkill_Roo_Configurable.aj
D:\Muhammad Abdurrahman\Documents\sts\workspace-sts-3.6.3.SR1\gwprcs\src\main\java\org\gwizards\prcs\StaffSkill_Roo_DbManaged.aj
D:\Muhammad Abdurrahman\Documents\sts\workspace-sts-3.6.3.SR1\gwprcs\src\main\java\org\gwizards\prcs\StaffSkill_Roo_Jpa_ActiveRecord.aj
D:\Muhammad Abdurrahman\Documents\sts\workspace-sts-3.6.3.SR1\gwprcs\src\main\java\org\gwizards\prcs\StaffSkill_Roo_Jpa_Entity.aj
D:\Muhammad Abdurrahman\Documents\sts\workspace-sts-3.6.3.SR1\gwprcs\src\main\java\org\gwizards\prcs\StaffSkill_Roo_ToString.aj
D:\Muhammad Abdurrahman\Documents\sts\workspace-sts-3.6.3.SR1\gwprcs\src\main\java\org\gwizards\prcs\Staff_Roo_Configurable.aj
D:\Muhammad Abdurrahman\Documents\sts\workspace-sts-3.6.3.SR1\gwprcs\src\main\java\org\gwizards\prcs\Staff_Roo_DbManaged.aj
D:\Muhammad Abdurrahman\Documents\sts\workspace-sts-3.6.3.SR1\gwprcs\src\main\java\org\gwizards\prcs\Staff_Roo_Jpa_ActiveRecord.aj
D:\Muhammad Abdurrahman\Documents\sts\workspace-sts-3.6.3.SR1\gwprcs\src\main\java\org\gwizards\prcs\Staff_Roo_Jpa_Entity.aj
D:\Muhammad Abdurrahman\Documents\sts\workspace-sts-3.6.3.SR1\gwprcs\src\main\java\org\gwizards\prcs\Staff_Roo_ToString.aj
D:\Muhammad Abdurrahman\Documents\sts\workspace-sts-3.6.3.SR1\gwprcs\src\main\java\org\gwizards\prcs\Stage.java
D:\Muhammad Abdurrahman\Documents\sts\workspace-sts-3.6.3.SR1\gwprcs\src\main\java\org\gwizards\prcs\StageReview.java
D:\Muhammad Abdurrahman\Documents\sts\workspace-sts-3.6.3.SR1\gwprcs\src\main\java\org\gwizards\prcs\StageReview_Roo_Configurable.aj
D:\Muhammad Abdurrahman\Documents\sts\workspace-sts-3.6.3.SR1\gwprcs\src\main\java\org\gwizards\prcs\StageReview_Roo_DbManaged.aj
D:\Muhammad Abdurrahman\Documents\sts\workspace-sts-3.6.3.SR1\gwprcs\src\main\java\org\gwizards\prcs\StageReview_Roo_Jpa_ActiveRecord.aj
D:\Muhammad Abdurrahman\Documents\sts\workspace-sts-3.6.3.SR1\gwprcs\src\main\java\org\gwizards\prcs\StageReview_Roo_Jpa_Entity.aj
D:\Muhammad Abdurrahman\Documents\sts\workspace-sts-3.6.3.SR1\gwprcs\src\main\java\org\gwizards\prcs\StageReview_Roo_ToString.aj
D:\Muhammad Abdurrahman\Documents\sts\workspace-sts-3.6.3.SR1\gwprcs\src\main\java\org\gwizards\prcs\Stage_Roo_Configurable.aj
D:\Muhammad Abdurrahman\Documents\sts\workspace-sts-3.6.3.SR1\gwprcs\src\main\java\org\gwizards\prcs\Stage_Roo_DbManaged.aj
D:\Muhammad Abdurrahman\Documents\sts\workspace-sts-3.6.3.SR1\gwprcs\src\main\java\org\gwizards\prcs\Stage_Roo_Jpa_ActiveRecord.aj
D:\Muhammad Abdurrahman\Documents\sts\workspace-sts-3.6.3.SR1\gwprcs\src\main\java\org\gwizards\prcs\Stage_Roo_Jpa_Entity.aj
D:\Muhammad Abdurrahman\Documents\sts\workspace-sts-3.6.3.SR1\gwprcs\src\main\java\org\gwizards\prcs\Stage_Roo_ToString.aj
D:\Muhammad Abdurrahman\Documents\sts\workspace-sts-3.6.3.SR1\gwprcs\src\main\java\org\gwizards\prcs\Student.java
D:\Muhammad Abdurrahman\Documents\sts\workspace-sts-3.6.3.SR1\gwprcs\src\main\java\org\gwizards\prcs\StudentProject.java
D:\Muhammad Abdurrahman\Documents\sts\workspace-sts-3.6.3.SR1\gwprcs\src\main\java\org\gwizards\prcs\StudentProjectReview.java
D:\Muhammad Abdurrahman\Documents\sts\workspace-sts-3.6.3.SR1\gwprcs\src\main\java\org\gwizards\prcs\StudentProjectReviewPK.java
D:\Muhammad Abdurrahman\Documents\sts\workspace-sts-3.6.3.SR1\gwprcs\src\main\java\org\gwizards\prcs\StudentProjectReviewPK_Roo_Configurable.aj
D:\Muhammad Abdurrahman\Documents\sts\workspace-sts-3.6.3.SR1\gwprcs\src\main\java\org\gwizards\prcs\StudentProjectReviewPK_Roo_Identifier.aj
D:\Muhammad Abdurrahman\Documents\sts\workspace-sts-3.6.3.SR1\gwprcs\src\main\java\org\gwizards\prcs\StudentProjectReviewPK_Roo_Json.aj
D:\Muhammad Abdurrahman\Documents\sts\workspace-sts-3.6.3.SR1\gwprcs\src\main\java\org\gwizards\prcs\StudentProjectReviewPK_Roo_Serializable.aj
D:\Muhammad Abdurrahman\Documents\sts\workspace-sts-3.6.3.SR1\gwprcs\src\main\java\org\gwizards\prcs\StudentProjectReview_Roo_Configurable.aj
D:\Muhammad Abdurrahman\Documents\sts\workspace-sts-3.6.3.SR1\gwprcs\src\main\java\org\gwizards\prcs\StudentProjectReview_Roo_DbManaged.aj
D:\Muhammad Abdurrahman\Documents\sts\workspace-sts-3.6.3.SR1\gwprcs\src\main\java\org\gwizards\prcs\StudentProjectReview_Roo_Jpa_ActiveRecord.aj
D:\Muhammad Abdurrahman\Documents\sts\workspace-sts-3.6.3.SR1\gwprcs\src\main\java\org\gwizards\prcs\StudentProjectReview_Roo_Jpa_Entity.aj
D:\Muhammad Abdurrahman\Documents\sts\workspace-sts-3.6.3.SR1\gwprcs\src\main\java\org\gwizards\prcs\StudentProjectReview_Roo_ToString.aj
D:\Muhammad Abdurrahman\Documents\sts\workspace-sts-3.6.3.SR1\gwprcs\src\main\java\org\gwizards\prcs\StudentProject_Roo_Configurable.aj
D:\Muhammad Abdurrahman\Documents\sts\workspace-sts-3.6.3.SR1\gwprcs\src\main\java\org\gwizards\prcs\StudentProject_Roo_DbManaged.aj
D:\Muhammad Abdurrahman\Documents\sts\workspace-sts-3.6.3.SR1\gwprcs\src\main\java\org\gwizards\prcs\StudentProject_Roo_Jpa_ActiveRecord.aj
D:\Muhammad Abdurrahman\Documents\sts\workspace-sts-3.6.3.SR1\gwprcs\src\main\java\org\gwizards\prcs\StudentProject_Roo_Jpa_Entity.aj
D:\Muhammad Abdurrahman\Documents\sts\workspace-sts-3.6.3.SR1\gwprcs\src\main\java\org\gwizards\prcs\StudentProject_Roo_ToString.aj
D:\Muhammad Abdurrahman\Documents\sts\workspace-sts-3.6.3.SR1\gwprcs\src\main\java\org\gwizards\prcs\StudentReview.java
D:\Muhammad Abdurrahman\Documents\sts\workspace-sts-3.6.3.SR1\gwprcs\src\main\java\org\gwizards\prcs\StudentReview_Roo_Configurable.aj
D:\Muhammad Abdurrahman\Documents\sts\workspace-sts-3.6.3.SR1\gwprcs\src\main\java\org\gwizards\prcs\StudentReview_Roo_DbManaged.aj
D:\Muhammad Abdurrahman\Documents\sts\workspace-sts-3.6.3.SR1\gwprcs\src\main\java\org\gwizards\prcs\StudentReview_Roo_Jpa_ActiveRecord.aj
D:\Muhammad Abdurrahman\Documents\sts\workspace-sts-3.6.3.SR1\gwprcs\src\main\java\org\gwizards\prcs\StudentReview_Roo_Jpa_Entity.aj
D:\Muhammad Abdurrahman\Documents\sts\workspace-sts-3.6.3.SR1\gwprcs\src\main\java\org\gwizards\prcs\StudentReview_Roo_ToString.aj
D:\Muhammad Abdurrahman\Documents\sts\workspace-sts-3.6.3.SR1\gwprcs\src\main\java\org\gwizards\prcs\StudentSkill.java
D:\Muhammad Abdurrahman\Documents\sts\workspace-sts-3.6.3.SR1\gwprcs\src\main\java\org\gwizards\prcs\StudentSkillLink.java
D:\Muhammad Abdurrahman\Documents\sts\workspace-sts-3.6.3.SR1\gwprcs\src\main\java\org\gwizards\prcs\StudentSkillLink_Roo_Configurable.aj
D:\Muhammad Abdurrahman\Documents\sts\workspace-sts-3.6.3.SR1\gwprcs\src\main\java\org\gwizards\prcs\StudentSkillLink_Roo_DbManaged.aj
D:\Muhammad Abdurrahman\Documents\sts\workspace-sts-3.6.3.SR1\gwprcs\src\main\java\org\gwizards\prcs\StudentSkillLink_Roo_Jpa_ActiveRecord.aj
D:\Muhammad Abdurrahman\Documents\sts\workspace-sts-3.6.3.SR1\gwprcs\src\main\java\org\gwizards\prcs\StudentSkillLink_Roo_Jpa_Entity.aj
D:\Muhammad Abdurrahman\Documents\sts\workspace-sts-3.6.3.SR1\gwprcs\src\main\java\org\gwizards\prcs\StudentSkillLink_Roo_ToString.aj
D:\Muhammad Abdurrahman\Documents\sts\workspace-sts-3.6.3.SR1\gwprcs\src\main\java\org\gwizards\prcs\StudentSkill_Roo_Configurable.aj
D:\Muhammad Abdurrahman\Documents\sts\workspace-sts-3.6.3.SR1\gwprcs\src\main\java\org\gwizards\prcs\StudentSkill_Roo_DbManaged.aj
D:\Muhammad Abdurrahman\Documents\sts\workspace-sts-3.6.3.SR1\gwprcs\src\main\java\org\gwizards\prcs\StudentSkill_Roo_Jpa_ActiveRecord.aj
D:\Muhammad Abdurrahman\Documents\sts\workspace-sts-3.6.3.SR1\gwprcs\src\main\java\org\gwizards\prcs\StudentSkill_Roo_Jpa_Entity.aj
D:\Muhammad Abdurrahman\Documents\sts\workspace-sts-3.6.3.SR1\gwprcs\src\main\java\org\gwizards\prcs\StudentSkill_Roo_ToString.aj
D:\Muhammad Abdurrahman\Documents\sts\workspace-sts-3.6.3.SR1\gwprcs\src\main\java\org\gwizards\prcs\StudentStatus.java
D:\Muhammad Abdurrahman\Documents\sts\workspace-sts-3.6.3.SR1\gwprcs\src\main\java\org\gwizards\prcs\StudentStatus_Roo_Configurable.aj
D:\Muhammad Abdurrahman\Documents\sts\workspace-sts-3.6.3.SR1\gwprcs\src\main\java\org\gwizards\prcs\StudentStatus_Roo_DbManaged.aj
D:\Muhammad Abdurrahman\Documents\sts\workspace-sts-3.6.3.SR1\gwprcs\src\main\java\org\gwizards\prcs\StudentStatus_Roo_Jpa_ActiveRecord.aj
D:\Muhammad Abdurrahman\Documents\sts\workspace-sts-3.6.3.SR1\gwprcs\src\main\java\org\gwizards\prcs\StudentStatus_Roo_Jpa_Entity.aj
D:\Muhammad Abdurrahman\Documents\sts\workspace-sts-3.6.3.SR1\gwprcs\src\main\java\org\gwizards\prcs\StudentStatus_Roo_ToString.aj
D:\Muhammad Abdurrahman\Documents\sts\workspace-sts-3.6.3.SR1\gwprcs\src\main\java\org\gwizards\prcs\StudentType.java
D:\Muhammad Abdurrahman\Documents\sts\workspace-sts-3.6.3.SR1\gwprcs\src\main\java\org\gwizards\prcs\StudentTypeLink.java
D:\Muhammad Abdurrahman\Documents\sts\workspace-sts-3.6.3.SR1\gwprcs\src\main\java\org\gwizards\prcs\StudentTypeLink_Roo_Configurable.aj
D:\Muhammad Abdurrahman\Documents\sts\workspace-sts-3.6.3.SR1\gwprcs\src\main\java\org\gwizards\prcs\StudentTypeLink_Roo_DbManaged.aj
D:\Muhammad Abdurrahman\Documents\sts\workspace-sts-3.6.3.SR1\gwprcs\src\main\java\org\gwizards\prcs\StudentTypeLink_Roo_Jpa_ActiveRecord.aj
D:\Muhammad Abdurrahman\Documents\sts\workspace-sts-3.6.3.SR1\gwprcs\src\main\java\org\gwizards\prcs\StudentTypeLink_Roo_Jpa_Entity.aj
D:\Muhammad Abdurrahman\Documents\sts\workspace-sts-3.6.3.SR1\gwprcs\src\main\java\org\gwizards\prcs\StudentTypeLink_Roo_ToString.aj
D:\Muhammad Abdurrahman\Documents\sts\workspace-sts-3.6.3.SR1\gwprcs\src\main\java\org\gwizards\prcs\StudentType_Roo_Configurable.aj
D:\Muhammad Abdurrahman\Documents\sts\workspace-sts-3.6.3.SR1\gwprcs\src\main\java\org\gwizards\prcs\StudentType_Roo_DbManaged.aj
D:\Muhammad Abdurrahman\Documents\sts\workspace-sts-3.6.3.SR1\gwprcs\src\main\java\org\gwizards\prcs\StudentType_Roo_Jpa_ActiveRecord.aj
D:\Muhammad Abdurrahman\Documents\sts\workspace-sts-3.6.3.SR1\gwprcs\src\main\java\org\gwizards\prcs\StudentType_Roo_Jpa_Entity.aj
D:\Muhammad Abdurrahman\Documents\sts\workspace-sts-3.6.3.SR1\gwprcs\src\main\java\org\gwizards\prcs\StudentType_Roo_ToString.aj
D:\Muhammad Abdurrahman\Documents\sts\workspace-sts-3.6.3.SR1\gwprcs\src\main\java\org\gwizards\prcs\StudentVisaStatus.java
D:\Muhammad Abdurrahman\Documents\sts\workspace-sts-3.6.3.SR1\gwprcs\src\main\java\org\gwizards\prcs\StudentVisaStatus_Roo_Configurable.aj
D:\Muhammad Abdurrahman\Documents\sts\workspace-sts-3.6.3.SR1\gwprcs\src\main\java\org\gwizards\prcs\StudentVisaStatus_Roo_DbManaged.aj
D:\Muhammad Abdurrahman\Documents\sts\workspace-sts-3.6.3.SR1\gwprcs\src\main\java\org\gwizards\prcs\StudentVisaStatus_Roo_Jpa_ActiveRecord.aj
D:\Muhammad Abdurrahman\Documents\sts\workspace-sts-3.6.3.SR1\gwprcs\src\main\java\org\gwizards\prcs\StudentVisaStatus_Roo_Jpa_Entity.aj
D:\Muhammad Abdurrahman\Documents\sts\workspace-sts-3.6.3.SR1\gwprcs\src\main\java\org\gwizards\prcs\StudentVisaStatus_Roo_ToString.aj
D:\Muhammad Abdurrahman\Documents\sts\workspace-sts-3.6.3.SR1\gwprcs\src\main\java\org\gwizards\prcs\Student_Roo_Configurable.aj
D:\Muhammad Abdurrahman\Documents\sts\workspace-sts-3.6.3.SR1\gwprcs\src\main\java\org\gwizards\prcs\Student_Roo_DbManaged.aj
D:\Muhammad Abdurrahman\Documents\sts\workspace-sts-3.6.3.SR1\gwprcs\src\main\java\org\gwizards\prcs\Student_Roo_Jpa_ActiveRecord.aj
D:\Muhammad Abdurrahman\Documents\sts\workspace-sts-3.6.3.SR1\gwprcs\src\main\java\org\gwizards\prcs\Student_Roo_Jpa_Entity.aj
D:\Muhammad Abdurrahman\Documents\sts\workspace-sts-3.6.3.SR1\gwprcs\src\main\java\org\gwizards\prcs\Student_Roo_ToString.aj
D:\Muhammad Abdurrahman\Documents\sts\workspace-sts-3.6.3.SR1\gwprcs\src\main\java\org\gwizards\prcs\Task.java
D:\Muhammad Abdurrahman\Documents\sts\workspace-sts-3.6.3.SR1\gwprcs\src\main\java\org\gwizards\prcs\TaskReview.java
D:\Muhammad Abdurrahman\Documents\sts\workspace-sts-3.6.3.SR1\gwprcs\src\main\java\org\gwizards\prcs\TaskReview_Roo_Configurable.aj
D:\Muhammad Abdurrahman\Documents\sts\workspace-sts-3.6.3.SR1\gwprcs\src\main\java\org\gwizards\prcs\TaskReview_Roo_DbManaged.aj
D:\Muhammad Abdurrahman\Documents\sts\workspace-sts-3.6.3.SR1\gwprcs\src\main\java\org\gwizards\prcs\TaskReview_Roo_Jpa_ActiveRecord.aj
D:\Muhammad Abdurrahman\Documents\sts\workspace-sts-3.6.3.SR1\gwprcs\src\main\java\org\gwizards\prcs\TaskReview_Roo_Jpa_Entity.aj
D:\Muhammad Abdurrahman\Documents\sts\workspace-sts-3.6.3.SR1\gwprcs\src\main\java\org\gwizards\prcs\TaskReview_Roo_ToString.aj
D:\Muhammad Abdurrahman\Documents\sts\workspace-sts-3.6.3.SR1\gwprcs\src\main\java\org\gwizards\prcs\Task_Roo_Configurable.aj
D:\Muhammad Abdurrahman\Documents\sts\workspace-sts-3.6.3.SR1\gwprcs\src\main\java\org\gwizards\prcs\Task_Roo_DbManaged.aj
D:\Muhammad Abdurrahman\Documents\sts\workspace-sts-3.6.3.SR1\gwprcs\src\main\java\org\gwizards\prcs\Task_Roo_Jpa_ActiveRecord.aj
D:\Muhammad Abdurrahman\Documents\sts\workspace-sts-3.6.3.SR1\gwprcs\src\main\java\org\gwizards\prcs\Task_Roo_Jpa_Entity.aj
D:\Muhammad Abdurrahman\Documents\sts\workspace-sts-3.6.3.SR1\gwprcs\src\main\java\org\gwizards\prcs\Task_Roo_ToString.aj
